<?xml version="1.0" encoding="UTF-8"?>
<!-- Generated by org.testng.reporters.JUnitReportReporter -->
<testsuite skipped="0" hostname="Annamalai" name="com.meengal.todayscatch.TodaysCatch" tests="1" failures="0" timestamp="09 Jul 2017 06:57:20 GMT" time="35.404" errors="0">
  <testcase name="tc_01" time="35.404" classname="com.meengal.todayscatch.TodaysCatch"/>
</testsuite> <!-- com.meengal.todayscatch.TodaysCatch -->
